Arguments: 
  C:\Program Files\nodejs\node.exe C:\Users\SANTCHOU\AppData\Roaming\nvm\v16.13.0\node_modules\@sanity\cli\vendor\yarn install --json --non-interactive --ignore-engines --network-timeout 60000 --registry https://registry.npmjs.org

PATH: 
  C:\Users\SANTCHOU\AppData\Roaming\nvm\v16.13.0\node_modules\vendor;C:\Python310\Scripts\;C:\Python310\;C:\WINDOWS\system32;C:\WINDOWS;C:\WINDOWS\System32\Wbem;C:\WINDOWS\System32\WindowsPowerShell\v1.0\;C:\WINDOWS\System32\OpenSSH\;C:\ProgramData\chocolatey\bin;C:\Program Files\Git\cmd;C:\Users\SANTCHOU\AppData\Roaming\nvm;C:\Program Files\nodejs;C:\Program Files\MongoDB\Tools\100\bin;E:\courses\ninja_Net\node_auth\mongosh-1.1.9-win32-x64\bin;C:\Users\SANTCHOU\AppData\Local\Microsoft\WindowsApps;C:\Users\SANTCHOU\AppData\Roaming\npm;C:\Users\SANTCHOU\AppData\Roaming\nvm;C:\Program Files\nodejs;C:\Users\SANTCHOU\AppData\Local\Programs\Microsoft VS Code\bin;C:\Users\SANTCHOU\AppData\Local\Programs\mongosh\;C:\Program Files\MongoDB\Tools\100\bin;

Yarn version: 
  1.22.17

Node version: 
  16.13.0

Platform: 
  win32 x64

Trace: 
  Error: https://registry.npmjs.org/date-fns/-/date-fns-2.28.0.tgz: ESOCKETTIMEDOUT
      at ClientRequest.<anonymous> (C:\Users\SANTCHOU\AppData\Roaming\nvm\v16.13.0\node_modules\@sanity\cli\vendor\yarn:135945:19)
      at Object.onceWrapper (node:events:509:28)
      at ClientRequest.emit (node:events:390:28)
      at TLSSocket.emitRequestTimeout (node:_http_client:763:9)
      at Object.onceWrapper (node:events:509:28)
      at TLSSocket.emit (node:events:402:35)
      at TLSSocket.Socket._onTimeout (node:net:501:8)
      at listOnTimeout (node:internal/timers:557:17)
      at processTimers (node:internal/timers:500:7)

npm manifest: 
  {
    "name": "ghislainportfolio",
    "private": true,
    "version": "1.0.0",
    "description": "",
    "main": "package.json",
    "author": "ghislain sk <gsantchoukenfack@gmail.com>",
    "license": "UNLICENSED",
    "scripts": {
      "start": "sanity start",
      "build": "sanity build"
    },
    "keywords": [
      "sanity"
    ],
    "dependencies": {
      "@sanity/base": "^2.27.2",
      "@sanity/core": "^2.27.0",
      "@sanity/default-layout": "^2.27.2",
      "@sanity/default-login": "^2.27.0",
      "@sanity/desk-tool": "^2.27.2",
      "@sanity/eslint-config-studio": "^2.0.0",
      "@sanity/vision": "^2.27.2",
      "eslint": "^8.6.0",
      "prop-types": "^15.7",
      "react": "^17.0",
      "react-dom": "^17.0",
      "styled-components": "^5.2.0"
    },
    "devDependencies": {}
  }

yarn manifest: 
  No manifest

Lockfile: 
  No lockfile
